 
****************************************
Report : area
Design : CINI_HPC2
Version: E-2010.12-SP2
Date   : Thu Apr 28 11:26:19 2022
****************************************

Library(s) Used:

    NangateOpenCellLibrary (File: /usr/flow/designkits/synthesis/nangate_45nm/NangateopenCellLibrary_fast.db)

Number of ports:                           33
Number of nets:                           292
Number of cells:                          270
Number of combinational cells:            210
Number of sequential cells:                60
Number of macros:                           0
Number of buf/inv:                         10
Number of references:                       7

Combinational area:        239.399996
Noncombinational area:     271.319990
Net Interconnect area:      undefined  (Wire load has zero net area)

Total cell area:           510.719987
Total area:                 undefined

Hierarchical area distribution
------------------------------

                                  Global cell area          Local cell area
                                  ------------------  --------------------------- 
Hierarchical cell                 Absolute   Percent  Combi-    Noncombi-  Black
                                  Total      Total    national  national   boxes   Design
--------------------------------  ---------  -------  --------  ---------  ------  ---------
CINI_HPC2                          510.7200    100.0  239.3997   271.3201  0.0000  CINI_HPC2
--------------------------------  ---------  -------  --------  ---------  ------  ---------
Total                                                 239.3997   271.3201  0.0000

1
