 
****************************************
Report : area
Design : CINI3
Version: E-2010.12-SP2
Date   : Mon Apr 25 10:42:18 2022
****************************************

Library(s) Used:

    NangateOpenCellLibrary (File: /usr/flow/designkits/synthesis/nangate_45nm/NangateopenCellLibrary_fast.db)

Number of ports:                           71
Number of nets:                          1537
Number of cells:                         1488
Number of combinational cells:           1362
Number of sequential cells:               126
Number of macros:                           0
Number of buf/inv:                         39
Number of references:                       8

Combinational area:       1426.823967
Noncombinational area:     569.771979
Net Interconnect area:      undefined  (Wire load has zero net area)

Total cell area:          1996.595946
Total area:                 undefined

Hierarchical area distribution
------------------------------

                                  Global cell area          Local cell area
                                  ------------------  ---------------------------- 
Hierarchical cell                 Absolute   Percent  Combi-     Noncombi-  Black
                                  Total      Total    national   national   boxes   Design
--------------------------------  ---------  -------  ---------  ---------  ------  ---------
CINI3                             1996.5736    100.0  1426.8051   569.7720  0.0000  CINI3
--------------------------------  ---------  -------  ---------  ---------  ------  ---------
Total                                                 1426.8051   569.7720  0.0000

1
