 
****************************************
Report : area
Design : CINI3
Version: E-2010.12-SP2
Date   : Mon Apr 25 10:44:38 2022
****************************************

Library(s) Used:

    NangateOpenCellLibrary (File: /usr/flow/designkits/synthesis/nangate_45nm/NangateopenCellLibrary_fast.db)

Number of ports:                           98
Number of nets:                          2749
Number of cells:                         2680
Number of combinational cells:           2456
Number of sequential cells:               224
Number of macros:                           0
Number of buf/inv:                         76
Number of references:                       7

Combinational area:       2585.519939
Noncombinational area:    1012.927963
Net Interconnect area:      undefined  (Wire load has zero net area)

Total cell area:          3598.447902
Total area:                 undefined

Hierarchical area distribution
------------------------------

                                  Global cell area          Local cell area
                                  ------------------  ---------------------------- 
Hierarchical cell                 Absolute   Percent  Combi-     Noncombi-  Black
                                  Total      Total    national   national   boxes   Design
--------------------------------  ---------  -------  ---------  ---------  ------  ---------
CINI3                             3598.4043    100.0  2585.4824  1012.9253  0.0000  CINI3
--------------------------------  ---------  -------  ---------  ---------  ------  ---------
Total                                                 2585.4824  1012.9253  0.0000

1
